COLLECT Turning -27.59851417958462 degrees, from 52.79554253875386 with SPEED -70.39405671833848
COLLECT Turning -27.856683793939727 degrees, from 53.57005138181918 with SPEED -71.4267351757589
COLLECT Turning -28.592333285760564 degrees, from 55.776999857281695 with SPEED -74.36933314304225
COLLECT Turning -29.667598081146853 degrees, from 59.002794243440555 with SPEED -78.67039232458741
COLLECT Turning -31.32291552613237 degrees, from 63.96874657839711 with SPEED -85.29166210452948
COLLECT Turning -32.84998234092052 degrees, from 68.54994702276157 with SPEED -91.39992936368209
COLLECT Turning -33.63088985243368 degrees, from 70.89266955730105 with SPEED -94.52355940973473
COLLECT Turning -33.96741530627661 degrees, from 71.9022459188298 with SPEED -95.86966122510641
COLLECT Turning -34.480404015993116 degrees, from 73.44121204797936 with SPEED -97.92161606397248
COLLECT Turning -34.90033700417116 degrees, from 74.7010110125135 with SPEED -99.60134801668467
COLLECT Turning -35.6548988844188 degrees, from 76.9646966532564 with SPEED -100
COLLECT Turning -36.49214336973377 degrees, from 79.47643010920132 with SPEED -100
COLLECT Turning -37.4335576280364 degrees, from 82.3006728841092 with SPEED -100
COLLECT Turning -38.32549778633029 degrees, from 84.97649335899088 with SPEED -100
COLLECT Turning -39.30526614178304 degrees, from 87.91579842534912 with SPEED -100
COLLECT Turning -40.59671510259824 degrees, from 91.79014530779473 with SPEED -100
COLLECT Turning -41.91271456643632 degrees, from 95.73814369930895 with SPEED -100
COLLECT Turning -42.66692162610539 degrees, from 98.00076487831618 with SPEED -100
COLLECT Turning -43.45411090649245 degrees, from 100.36233271947737 with SPEED -100
COLLECT Turning -44.27684444730749 degrees, from 102.83053334192246 with SPEED -100
COLLECT Turning -45.13036502356464 degrees, from 105.39109507069392 with SPEED -100
COLLECT Turning -45.78328131056939 degrees, from 107.34984393170818 with SPEED -100
COLLECT Turning -46.58723429987755 degrees, from 109.76170289963265 with SPEED -100
COLLECT Turning -47.409813655528446 degrees, from 112.22944096658534 with SPEED -100
COLLECT Turning -48.13351784621406 degrees, from 114.40055353864219 with SPEED -100
COLLECT Turning -49.17389689255891 degrees, from 117.52169067767673 with SPEED -100
COLLECT Turning -50.00949133384367 degrees, from 120.02847400153101 with SPEED -100
COLLECT Turning -50.75876067769566 degrees, from 122.27628203308699 with SPEED -100
COLLECT Turning -51.34077044238004 degrees, from 124.02231132714013 with SPEED -100
COLLECT Turning -52.12638347867148 degrees, from 126.37915043601443 with SPEED -100
COLLECT Turning -52.7433408744569 degrees, from 128.2300226233707 with SPEED -100
COLLECT Turning -53.567451407040146 degrees, from 130.70235422112043 with SPEED -100
COLLECT Turning -54.2466072141326 degrees, from 132.7398216423978 with SPEED -100
COLLECT Turning -54.878164221829586 degrees, from 134.63449266548875 with SPEED -100
COLLECT Turning -55.52576937481394 degrees, from 136.57730812444183 with SPEED -100
COLLECT Turning -56.48136266592593 degrees, from 139.44408799777779 with SPEED -100
COLLECT Turning -57.27013056560288 degrees, from 141.81039169680864 with SPEED -100
COLLECT Turning -58.62245615609791 degrees, from 145.86736846829373 with SPEED -100
GET NEAR Turning 34.207022978684854 degrees, from -12.621068936054563 with SPEED 16.828091914739417
GET NEAR Turning 33.54618190359623 degrees, from -10.638545710788684 with SPEED 14.184727614384911
GET NEAR FORWARD
GET NEAR FORWARD
GET NEAR FORWARD
GET NEAR FORWARD
GET NEAR FORWARD
GET NEAR FORWARD
GET NEAR FORWARD
GET NEAR FORWARD
GET NEAR FORWARD
GET NEAR FORWARD
GET NEAR FORWARD
GET NEAR FORWARD
GET NEAR FORWARD
GET NEAR FORWARD
GET NEAR FORWARD
GET NEAR FORWARD
GET NEAR FORWARD
GET NEAR FORWARD
GET NEAR FORWARD
COLLECT FORWARD
COLLECT FORWARD
COLLECT FORWARD
COLLECT FORWARD
COLLECT FORWARD
COLLECT FORWARD
COLLECT Turning 13.498217367766802 degrees, from -10.494652103300407 with SPEED 13.992869471067209
COLLECT Turning 13.868596549226078 degrees, from -11.605789647678236 with SPEED 15.474386196904314
COLLECT Turning 14.048586036236381 degrees, from -12.145758108709144 with SPEED 16.194344144945525
COLLECT Turning 14.210842156054195 degrees, from -12.632526468162588 with SPEED 16.843368624216783
COLLECT Turning 14.722066609503084 degrees, from -14.16619982850925 with SPEED 18.888266438012334
COLLECT Turning 14.716778994766997 degrees, from -14.150336984300992 with SPEED 18.86711597906799
COLLECT Turning 14.4406977965944 degrees, from -13.322093389783195 with SPEED 17.762791186377594
COLLECT Turning 14.002033115203368 degrees, from -12.006099345610107 with SPEED 16.008132460813474
COLLECT Turning 13.573224179520755 degrees, from -10.719672538562264 with SPEED 14.29289671808302
COLLECT FORWARD
COLLECT FORWARD
COLLECT FORWARD
COLLECT FORWARD
COLLECT FORWARD
COLLECT FORWARD
COLLECT FORWARD
COLLECT FORWARD
COLLECT FORWARD
COLLECT FORWARD
COLLECT FORWARD
COLLECT FORWARD
COLLECT FORWARD
COLLECT FORWARD
COLLECT FORWARD
COLLECT FORWARD
COLLECT FORWARD
COLLECT FORWARD
COLLECT FORWARD
COLLECT FORWARD
COLLECT FORWARD
COLLECT FORWARD
COLLECT FORWARD
COLLECT FORWARD
COLLECT FORWARD
COLLECT FORWARD
COLLECT FORWARD
COLLECT FORWARD
COLLECT FORWARD
COLLECT FORWARD
COLLECT FORWARD
COLLECT FORWARD
COLLECT FORWARD
COLLECT FORWARD
COLLECT FORWARD
COLLECT FORWARD
COLLECT FORWARD
COLLECT FORWARD
COLLECT Turning 13.40497292694977 degrees, from -10.214918780849308 with SPEED 13.619891707799077
COLLECT Turning 13.500820970963698 degrees, from -10.502462912891092 with SPEED 14.00328388385479
COLLECT Turning 13.529949966755286 degrees, from -10.589849900265856 with SPEED 14.119799867021142
COLLECT Turning 13.608293278743123 degrees, from -10.82487983622937 with SPEED 14.433173114972492
COLLECT Turning 13.740030695193154 degrees, from -11.220092085579461 with SPEED 14.960122780772615
COLLECT Turning 13.880590788613866 degrees, from -11.641772365841598 with SPEED 15.522363154455464
COLLECT Turning 13.94295431211345 degrees, from -11.828862936340348 with SPEED 15.771817248453798
COLLECT Turning 13.876351921019314 degrees, from -11.629055763057943 with SPEED 15.505407684077257
COLLECT Turning 13.645453237247661 degrees, from -10.936359711742982 with SPEED 14.581812948990644
COLLECT Turning 13.381100254858536 degrees, from -10.143300764575606 with SPEED 13.524401019434142
COLLECT FORWARD
COLLECT FORWARD
COLLECT FORWARD
COLLECT FORWARD
COLLECT FORWARD
COLLECT FORWARD
COLLECT FORWARD
COLLECT FORWARD
COLLECT FORWARD
COLLECT FORWARD
COLLECT FORWARD
COLLECT FORWARD
COLLECT FORWARD
COLLECT FORWARD
COLLECT FORWARD
COLLECT FORWARD
COLLECT FORWARD
COLLECT Turning 13.351052798178447 degrees, from -10.053158394535341 with SPEED 13.404211192713788
COLLECT Turning 13.576313357057627 degrees, from -10.728940071172882 with SPEED 14.30525342823051
COLLECT Turning 13.785408123423203 degrees, from -11.35622437026961 with SPEED 15.141632493692812
COLLECT Turning 14.0839620644102 degrees, from -12.251886193230598 with SPEED 16.335848257640798
COLLECT Turning -14.758706566092421 degrees, from 14.276119698277267 with SPEED -19.034826264369688
COLLECT Turning -14.823121524812652 degrees, from 14.469364574437959 with SPEED -19.292486099250613
COLLECT Turning -14.954398864342426 degrees, from 14.863196593027277 with SPEED -19.817595457369702
COLLECT Turning -15.288975763388365 degrees, from 15.86692729016509 with SPEED -21.155903053553455
COLLECT Turning -15.550387187633714 degrees, from 16.651161562901137 with SPEED -22.20154875053485
COLLECT Turning -15.83401194483993 degrees, from 17.50203583451979 with SPEED -23.33604777935972
COLLECT Turning -16.101488300594855 degrees, from 18.304464901784563 with SPEED -24.40595320237942
COLLECT Turning -16.182258810776027 degrees, from 18.546776432328077 with SPEED -24.729035243104104
COLLECT Turning -16.231280583511435 degrees, from 18.693841750534308 with SPEED -24.925122334045742
COLLECT Turning -16.283214923254086 degrees, from 18.849644769762257 with SPEED -25.132859693016343
COLLECT Turning -16.31881014320089 degrees, from 18.956430429602666 with SPEED -25.275240572803554
COLLECT Turning -16.33193766562558 degrees, from 18.995812996876744 with SPEED -25.327750662502325
COLLECT Turning -16.549959663346147 degrees, from 19.649878990038438 with SPEED -26.199838653384585
COLLECT Turning -16.894465162513004 degrees, from 20.683395487539016 with SPEED -27.57786065005202
COLLECT Turning -17.39719123878202 degrees, from 22.191573716346067 with SPEED -29.588764955128088
COLLECT Turning -17.808215444398613 degrees, from 23.424646333195838 with SPEED -31.23286177759445
COLLECT Turning -18.238833678812753 degrees, from 24.716501036438267 with SPEED -32.95533471525102
COLLECT Turning -18.431282945804227 degrees, from 25.293848837412686 with SPEED -33.725131783216916
COLLECT Turning -18.625871753305688 degrees, from 25.87761525991706 with SPEED -34.503487013222745
COLLECT Turning -18.829937329898982 degrees, from 26.489811989696946 with SPEED -35.31974931959593
COLLECT Turning -19.077162635508216 degrees, from 27.231487906524645 with SPEED -36.30865054203286
COLLECT Turning -19.400466951094806 degrees, from 28.201400853284422 with SPEED -37.60186780437923
COLLECT Turning -19.644438306161753 degrees, from 28.933314918485255 with SPEED -38.577753224647005
COLLECT Turning -19.825832081077294 degrees, from 29.47749624323188 with SPEED -39.30332832430917
COLLECT Turning -20.12859925044689 degrees, from 30.385797751340665 with SPEED -40.51439700178755
COLLECT Turning -20.59054504591402 degrees, from 31.771635137742052 with SPEED -42.36218018365607
COLLECT Turning -21.148239150108758 degrees, from 33.44471745032627 with SPEED -44.59295660043503
COLLECT Turning -21.543317702205023 degrees, from 34.62995310661507 with SPEED -46.17327080882009
COLLECT Turning -21.831278689434207 degrees, from 35.49383606830263 with SPEED -47.325114757736834
COLLECT Turning -21.994948408287506 degrees, from 35.984845224862525 with SPEED -47.97979363315003
COLLECT Turning -22.35815008152624 degrees, from 37.07445024457873 with SPEED -49.43260032610497
COLLECT Turning -22.700758593391875 degrees, from 38.102275780175624 with SPEED -50.8030343735675
COLLECT Turning -23.04447381012377 degrees, from 39.133421430371314 with SPEED -52.17789524049508
COLLECT Turning -23.39204902487301 degrees, from 40.17614707461903 with SPEED -53.56819609949204
COLLECT Turning -23.834666046001722 degrees, from 41.503998138005166 with SPEED -55.33866418400689
COLLECT Turning -24.36288338723797 degrees, from 43.088650161713915 with SPEED -57.451533548951886
COLLECT Turning -24.846352787297732 degrees, from 44.53905836189319 with SPEED -59.38541114919092
COLLECT Turning -25.491405601947505 degrees, from 46.474216805842524 with SPEED -61.96562240779003
COLLECT Turning -26.085466761926458 degrees, from 48.25640028577938 with SPEED -64.34186704770583
COLLECT Turning -26.810064071701174 degrees, from 50.430192215103524 with SPEED -67.2402562868047
COLLECT Turning -27.520895117753692 degrees, from 52.562685353261074 with SPEED -70.08358047101477
COLLECT Turning -28.074014828083193 degrees, from 54.22204448424958 with SPEED -72.29605931233277
COLLECT Turning -28.612218264237633 degrees, from 55.8366547927129 with SPEED -74.44887305695053
COLLECT Turning -29.198180327300793 degrees, from 57.594540981902384 with SPEED -76.79272130920317
COLLECT Turning -29.59358307793227 degrees, from 58.780749233796804 with SPEED -78.37433231172908
COLLECT Turning -29.958575618030274 degrees, from 59.87572685409082 with SPEED -79.8343024721211
COLLECT Turning -30.437429275944087 degrees, from 61.312287827832264 with SPEED -81.74971710377635
COLLECT Turning -30.973346116594037 degrees, from 62.92003834978211 with SPEED -83.89338446637615
COLLECT Turning -31.537775726619685 degrees, from 64.61332717985906 with SPEED -86.15110290647874
COLLECT Turning -32.1338530489314 degrees, from 66.40155914679421 with SPEED -88.53541219572561
COLLECT Turning -32.779182340557995 degrees, from 68.337547021674 with SPEED -91.116729362232
COLLECT Turning -33.623790056607376 degrees, from 70.87137016982214 with SPEED -94.49516022642952
COLLECT Turning -34.65313659775293 degrees, from 73.95940979325881 with SPEED -98.61254639101175
COLLECT Turning -35.41848353908702 degrees, from 76.25545061726106 with SPEED -100
COLLECT Turning -35.93029131310328 degrees, from 77.79087393930986 with SPEED -100
COLLECT Turning -36.580483339096745 degrees, from 79.74145001729025 with SPEED -100
COLLECT Turning -37.298473737442194 degrees, from 81.8954212123266 with SPEED -100
COLLECT Turning -38.14674708632535 degrees, from 84.44024125897606 with SPEED -100
COLLECT Turning -39.02807539944712 degrees, from 87.08422619834136 with SPEED -100
COLLECT Turning -39.979203814961195 degrees, from 89.9376114448836 with SPEED -100
COLLECT Turning -41.21896829823953 degrees, from 93.65690489471858 with SPEED -100
COLLECT Turning -41.85034270826651 degrees, from 95.55102812479954 with SPEED -100
COLLECT Turning -42.976573265794066 degrees, from 98.92971979738219 with SPEED -100
COLLECT Turning -44.042880745309525 degrees, from 102.12864223592858 with SPEED -100
COLLECT Turning -45.20720636878911 degrees, from 105.62161910636732 with SPEED -100
COLLECT Turning -46.34689228090905 degrees, from 109.04067684272717 with SPEED -100
COLLECT Turning -47.307669613507755 degrees, from 111.92300884052327 with SPEED -100
COLLECT Turning -48.26034654185313 degrees, from 114.7810396255594 with SPEED -100
COLLECT Turning -49.24925792536579 degrees, from 117.74777377609738 with SPEED -100
COLLECT Turning -50.280744036611374 degrees, from 120.84223210983413 with SPEED -100
COLLECT Turning -51.47990615613599 degrees, from 124.43971846840797 with SPEED -100
COLLECT Turning -52.69361312049211 degrees, from 128.08083936147634 with SPEED -100
COLLECT Turning -53.829991345516014 degrees, from 131.48997403654803 with SPEED -100
COLLECT Turning -54.715409249283006 degrees, from 134.14622774784903 with SPEED -100
COLLECT Turning -55.318324200886785 degrees, from 135.95497260266035 with SPEED -100
COLLECT Turning -55.849430751559275 degrees, from 137.54829225467782 with SPEED -100
COLLECT Turning -56.510235077749826 degrees, from 139.53070523324948 with SPEED -100
COLLECT Turning -57.18444533100785 degrees, from 141.55333599302355 with SPEED -100
COLLECT Turning -58.02637523057235 degrees, from 144.07912569171705 with SPEED -100
COLLECT Turning -58.76003667195098 degrees, from 146.28011001585293 with SPEED -100
COLLECT Turning -59.35177611956845 degrees, from 148.05532835870534 with SPEED -100
COLLECT Turning -59.95724627243846 degrees, from 149.8717388173154 with SPEED -100
COLLECT Turning -60.69842714293777 degrees, from 152.0952814288133 with SPEED -100
COLLECT Turning -61.58883933007505 degrees, from 154.76651799022514 with SPEED -100
COLLECT Turning -62.39822190895452 degrees, from 157.19466572686355 with SPEED -100
COLLECT Turning -63.19673326298735 degrees, from 159.59019978896205 with SPEED -100
COLLECT Turning -63.94979509452056 degrees, from 161.84938528356167 with SPEED -100
COLLECT Turning -64.7495725477325 degrees, from 164.24871764319747 with SPEED -100
COLLECT Turning -65.67909020746603 degrees, from 167.03727062239813 with SPEED -100
COLLECT Turning -66.57245463434234 degrees, from 169.717363903027 with SPEED -100
COLLECT Turning -67.42353961448197 degrees, from 172.2706188434459 with SPEED -100
COLLECT Turning -68.42934593745892 degrees, from 175.28803781237673 with SPEED -100
COLLECT Turning -69.45643320331106 degrees, from 178.36929960993322 with SPEED -100
COLLECT Turning 69.74970935186943 degrees, from -179.24912805560825 with SPEED 100
COLLECT Turning 68.97750177512552 degrees, from -176.93250532537658 with SPEED 100
COLLECT Turning 68.15534576708086 degrees, from -174.46603730124255 with SPEED 100
COLLECT Turning 67.20576641427428 degrees, from -171.61729924282287 with SPEED 100
COLLECT Turning 66.19010146923787 degrees, from -168.57030440771365 with SPEED 100
COLLECT Turning 65.20192089304771 degrees, from -165.6057626791431 with SPEED 100
COLLECT Turning 64.24643064531756 degrees, from -162.73929193595265 with SPEED 100
COLLECT Turning 63.30201789634412 degrees, from -159.90605368903235 with SPEED 100
COLLECT Turning 62.68527666803633 degrees, from -158.055830004109 with SPEED 100
COLLECT Turning 62.145015885158415 degrees, from -156.43504765547524 with SPEED 100
COLLECT Turning 61.293484421750264 degrees, from -153.8804532652508 with SPEED 100
COLLECT Turning 60.49544588260813 degrees, from -151.4863376478244 with SPEED 100
COLLECT Turning 59.55014560497312 degrees, from -148.65043681491935 with SPEED 100
COLLECT Turning 58.68406743399647 degrees, from -146.0522023019894 with SPEED 100
COLLECT Turning 57.73149436366381 degrees, from -143.19448309099144 with SPEED 100
COLLECT Turning 56.7456636403948 degrees, from -140.2369909211844 with SPEED 100
COLLECT Turning 56.39399933526525 degrees, from -139.18199800579575 with SPEED 100
COLLECT Turning 55.81827530086983 degrees, from -137.45482590260949 with SPEED 100
COLLECT Turning 55.09766395910146 degrees, from -135.2929918773044 with SPEED 100
COLLECT Turning 54.22371442715363 degrees, from -132.6711432814609 with SPEED 100
COLLECT Turning 53.419280287656136 degrees, from -130.2578408629684 with SPEED 100
COLLECT Turning 52.6275409300253 degrees, from -127.88262279007589 with SPEED 100
COLLECT Turning 51.91925487890274 degrees, from -125.75776463670822 with SPEED 100
COLLECT Turning 51.57421458659544 degrees, from -124.72264375978632 with SPEED 100
COLLECT Turning 51.062146702206014 degrees, from -123.18644010661804 with SPEED 100
COLLECT Turning 50.44523909965247 degrees, from -121.3357172989574 with SPEED 100
COLLECT Turning 49.754976034671536 degrees, from -119.2649281040146 with SPEED 100
COLLECT Turning 49.09888098854183 degrees, from -117.2966429656255 with SPEED 100
COLLECT Turning 48.46007080668929 degrees, from -115.38021242006786 with SPEED 100
COLLECT Turning 47.925927450303114 degrees, from -113.77778235090933 with SPEED 100
COLLECT Turning 47.50329937633724 degrees, from -112.50989812901172 with SPEED 100
COLLECT Turning 46.93360571224222 degrees, from -110.80081713672665 with SPEED 100
COLLECT Turning 46.34747902381512 degrees, from -109.04243707144536 with SPEED 100
COLLECT Turning 45.778189973121954 degrees, from -107.33456991936586 with SPEED 100
COLLECT Turning 45.2685904053702 degrees, from -105.8057712161106 with SPEED 100
COLLECT Turning 44.806151308114565 degrees, from -104.4184539243437 with SPEED 100
COLLECT Turning 44.43328598166422 degrees, from -103.29985794499267 with SPEED 100
COLLECT Turning 43.958122499484354 degrees, from -101.87436749845307 with SPEED 100
COLLECT Turning 43.2207290970564 degrees, from -99.6621872911692 with SPEED 100
COLLECT Turning 42.535240656217184 degrees, from -97.60572196865155 with SPEED 100
COLLECT Turning 41.86499893084034 degrees, from -95.59499679252104 with SPEED 100
COLLECT Turning 41.27999190762689 degrees, from -93.83997572288068 with SPEED 100
COLLECT Turning 40.830083499510934 degrees, from -92.4902504985328 with SPEED 100
COLLECT Turning 40.30189503038655 degrees, from -90.90568509115964 with SPEED 100
COLLECT Turning 39.76528111698943 degrees, from -89.29584335096828 with SPEED 100
COLLECT Turning 39.29164951134413 degrees, from -87.87494853403241 with SPEED 100
COLLECT Turning 38.742808467836994 degrees, from -86.22842540351098 with SPEED 100
COLLECT Turning 38.20132105516093 degrees, from -84.6039631654828 with SPEED 100
COLLECT Turning 37.546945505647 degrees, from -82.64083651694102 with SPEED 100
COLLECT Turning 36.89326453899939 degrees, from -80.67979361699817 with SPEED 100
COLLECT Turning 36.222663596059675 degrees, from -78.66799078817903 with SPEED 100
COLLECT Turning 35.68366755155803 degrees, from -77.05100265467408 with SPEED 100
COLLECT Turning 35.17640655132091 degrees, from -75.52921965396271 with SPEED 100
COLLECT Turning 34.76340614210697 degrees, from -74.29021842632093 with SPEED 99.0536245684279
COLLECT Turning 34.29103310121407 degrees, from -72.87309930364219 with SPEED 97.16413240485626
COLLECT Turning 33.764173679702594 degrees, from -71.29252103910777 with SPEED 95.05669471881036
COLLECT Turning 33.314020789361436 degrees, from -69.9420623680843 with SPEED 93.25608315744573
COLLECT Turning 32.79756296874399 degrees, from -68.39268890623198 with SPEED 91.19025187497597
COLLECT Turning 32.213422809262894 degrees, from -66.64026842778868 with SPEED 88.85369123705158
COLLECT Turning 31.583717618446954 degrees, from -64.75115285534086 with SPEED 86.33487047378782
COLLECT Turning 31.116346690008623 degrees, from -63.349040070025865 with SPEED 84.46538676003449
COLLECT Turning 30.71658922514797 degrees, from -62.14976767544391 with SPEED 82.86635690059188
COLLECT Turning 30.35542444958202 degrees, from -61.066273348746066 with SPEED 81.42169779832808
COLLECT Turning 29.936470141316732 degrees, from -59.8094104239502 with SPEED 79.74588056526693
COLLECT Turning 29.53273598383034 degrees, from -58.59820795149101 with SPEED 78.13094393532135
COLLECT Turning 29.04589179855018 degrees, from -57.13767539565054 with SPEED 76.18356719420072
COLLECT Turning 28.563785698796185 degrees, from -55.69135709638856 with SPEED 74.25514279518474
COLLECT Turning 28.332598752073576 degrees, from -54.997796256220724 with SPEED 73.3303950082943
COLLECT Turning 27.795114932872632 degrees, from -53.38534479861789 with SPEED 71.18045973149053
COLLECT Turning 27.290359268811205 degrees, from -51.87107780643361 with SPEED 69.16143707524482
COLLECT Turning 26.866921438533748 degrees, from -50.60076431560124 with SPEED 67.46768575413499
COLLECT Turning 26.530893727533023 degrees, from -49.592681182599065 with SPEED 66.12357491013209
COLLECT Turning 26.089209105597632 degrees, from -48.2676273167929 with SPEED 64.35683642239053
COLLECT Turning 25.727631730434872 degrees, from -47.182895191304624 with SPEED 62.910526921739496
COLLECT Turning 25.38612993612037 degrees, from -46.15838980836111 with SPEED 61.54451974448148
COLLECT Turning 25.012926122710347 degrees, from -45.03877836813104 with SPEED 60.05170449084139
COLLECT Turning 24.517266983210178 degrees, from -43.55180094963053 with SPEED 58.06906793284071
COLLECT Turning 24.169444848273606 degrees, from -42.50833454482081 with SPEED 56.67777939309442
COLLECT Turning 23.780551823996774 degrees, from -41.34165547199032 with SPEED 55.122207295987096
COLLECT Turning 23.375040836186855 degrees, from -40.125122508560565 with SPEED 53.50016334474742
COLLECT Turning 22.908163470255566 degrees, from -38.72449041076669 with SPEED 51.63265388102226
COLLECT Turning 22.661839652810556 degrees, from -37.98551895843167 with SPEED 50.647358611242225
COLLECT Turning 22.326422281562465 degrees, from -36.9792668446874 with SPEED 49.30568912624987
COLLECT Turning 22.02972886644349 degrees, from -36.08918659933047 with SPEED 48.11891546577396
COLLECT Turning 21.673843208349155 degrees, from -35.02152962504747 with SPEED 46.695372833396625
COLLECT Turning 21.43288361825465 degrees, from -34.29865085476395 with SPEED 45.7315344730186
COLLECT Turning 21.129598532879484 degrees, from -33.388795598638445 with SPEED 44.51839413151793
COLLECT Turning 20.8174735669258 degrees, from -32.45242070077739 with SPEED 43.26989426770319
COLLECT Turning 20.46496695254637 degrees, from -31.394900857639115 with SPEED 41.859867810185484
COLLECT Turning 20.048212167832403 degrees, from -30.144636503497214 with SPEED 40.19284867132962
COLLECT Turning 19.802073811892058 degrees, from -29.40622143567617 with SPEED 39.20829524756822
COLLECT Turning 19.445672953142953 degrees, from -28.337018859428863 with SPEED 37.78269181257182
COLLECT Turning 19.134648415213075 degrees, from -27.403945245639225 with SPEED 36.5385936608523
COLLECT Turning 18.862629572808853 degrees, from -26.58788871842656 with SPEED 35.45051829123541
COLLECT Turning 18.6325998793509 degrees, from -25.897799638052692 with SPEED 34.53039951740359
COLLECT Turning 18.27617476492444 degrees, from -24.828524294773327 with SPEED 33.10469905969777
COLLECT Turning 17.915750997050388 degrees, from -23.747252991151164 with SPEED 31.663003988201552
COLLECT Turning 17.529368891995198 degrees, from -22.58810667598559 with SPEED 30.117475567980787
COLLECT Turning 17.251080991101965 degrees, from -21.7532429733059 with SPEED 29.004323964407863
COLLECT Turning 16.868997915163185 degrees, from -20.606993745489554 with SPEED 27.47599166065274
COLLECT Turning 16.45339439769797 degrees, from -19.360183193093906 with SPEED 25.813577590791876
COLLECT Turning 16.001257839974354 degrees, from -18.003773519923058 with SPEED 24.005031359897412
COLLECT Turning 15.69074064468451 degrees, from -17.072221934053534 with SPEED 22.762962578738044
COLLECT Turning 15.503249008010059 degrees, from -16.509747024030172 with SPEED 22.01299603204023
COLLECT Turning 15.26355162010871 degrees, from -15.79065486032613 with SPEED 21.05420648043484
COLLECT Turning 14.918482877053036 degrees, from -14.755448631159107 with SPEED 19.673931508212142
COLLECT Turning 14.484324249278167 degrees, from -13.452972747834501 with SPEED 17.937296997112668
COLLECT Turning 14.136883130280594 degrees, from -12.410649390841781 with SPEED 16.547532521122374
COLLECT Turning 13.985428739125803 degrees, from -11.95628621737741 with SPEED 15.941714956503214
COLLECT Turning 13.80612465651791 degrees, from -11.418373969553734 with SPEED 15.224498626071645
COLLECT Turning 13.541516314530707 degrees, from -10.624548943592119 with SPEED 14.166065258122826
COLLECT FORWARD
COLLECT FORWARD
COLLECT FORWARD
COLLECT FORWARD
COLLECT FORWARD
COLLECT FORWARD
COLLECT FORWARD
COLLECT FORWARD
COLLECT FORWARD
COLLECT FORWARD
COLLECT FORWARD
COLLECT FORWARD
COLLECT FORWARD
COLLECT Turning 13.593590074428953 degrees, from -10.780770223286858 with SPEED 14.37436029771581
COLLECT Turning 13.755656056278289 degrees, from -11.266968168834865 with SPEED 15.022624225113153
COLLECT Turning 13.810117277341199 degrees, from -11.430351832023595 with SPEED 15.240469109364794
COLLECT Turning 13.975884908747172 degrees, from -11.927654726241519 with SPEED 15.903539634988691
COLLECT Turning 14.261694258643228 degrees, from -12.785082775929686 with SPEED 17.046777034572916
COLLECT Turning 14.64139207760509 degrees, from -13.924176232815274 with SPEED 18.565568310420364
COLLECT Turning 14.755815575635573 degrees, from -14.267446726906723 with SPEED 19.023262302542296
COLLECT Turning 14.578339710093424 degrees, from -13.735019130280268 with SPEED 18.31335884037369
COLLECT Turning 14.337700247412037 degrees, from -13.013100742236109 with SPEED 17.350800989648146
COLLECT Turning 14.112649981960153 degrees, from -12.337949945880458 with SPEED 16.45059992784061
COLLECT Turning 13.901434209925137 degrees, from -11.704302629775412 with SPEED 15.60573683970055
COLLECT Turning 13.833131244326195 degrees, from -11.499393732978586 with SPEED 15.33252497730478
COLLECT Turning 13.85980327315716 degrees, from -11.579409819471483 with SPEED 15.439213092628643
COLLECT Turning 13.807678175552164 degrees, from -11.42303452665649 with SPEED 15.230712702208654
COLLECT Turning 13.798089523214983 degrees, from -11.39426856964495 with SPEED 15.192358092859934
COLLECT Turning 13.764069637119968 degrees, from -11.292208911359904 with SPEED 15.056278548479872
COLLECT Turning 13.788096178547727 degrees, from -11.364288535643182 with SPEED 15.152384714190909
COLLECT Turning 13.77496780774156 degrees, from -11.324903423224676 with SPEED 15.099871230966235
COLLECT Turning 13.652517044002078 degrees, from -10.957551132006232 with SPEED 14.61006817600831
COLLECT Turning 13.381480314497352 degrees, from -10.144440943492057 with SPEED 13.52592125798941
COLLECT FORWARD
COLLECT FORWARD
COLLECT FORWARD
COLLECT FORWARD
COLLECT FORWARD
COLLECT FORWARD
COLLECT FORWARD
COLLECT FORWARD
COLLECT FORWARD
COLLECT FORWARD
COLLECT FORWARD
COLLECT FORWARD
COLLECT FORWARD
COLLECT FORWARD
COLLECT FORWARD
COLLECT FORWARD
COLLECT FORWARD
COLLECT FORWARD
COLLECT FORWARD
COLLECT Turning 13.881438558477324 degrees, from -11.644315675431974 with SPEED 15.525754233909298
COLLECT Turning 14.850084916295081 degrees, from -14.55025474888524 with SPEED 19.400339665180322
COLLECT Turning 15.531368103398307 degrees, from -16.594104310194922 with SPEED 22.12547241359323
COLLECT Turning 16.6406589476386 degrees, from -19.921976842915793 with SPEED 26.562635790554392
COLLECT Turning 18.172148288361154 degrees, from -24.51644486508346 with SPEED 32.688593153444614
COLLECT Turning 18.68606715965297 degrees, from -26.05820147895892 with SPEED 34.74426863861189
COLLECT Turning 20.058196251601082 degrees, from -30.174588754803242 with SPEED 40.23278500640432
COLLECT Turning 20.185888458371696 degrees, from -30.55766537511509 with SPEED 40.743553833486786
COLLECT Turning 19.981726665270237 degrees, from -29.945179995810715 with SPEED 39.926906661080956
COLLECT Turning 19.71728120109129 degrees, from -29.151843603273875 with SPEED 38.869124804365164
COLLECT Turning 19.439834498108397 degrees, from -28.319503494325197 with SPEED 37.75933799243359
COLLECT Turning 19.259122949684723 degrees, from -27.77736884905417 with SPEED 37.03649179873889
COLLECT Turning 19.021770804508755 degrees, from -27.06531241352626 with SPEED 36.08708321803501
COLLECT Turning 18.712307929634783 degrees, from -26.13692378890435 with SPEED 34.84923171853914
COLLECT Turning 18.354566809767938 degrees, from -25.06370042930381 with SPEED 33.418267239071746
COLLECT Turning 17.962626497844703 degrees, from -23.887879493534104 with SPEED 31.850505991378807
COLLECT Turning 17.56489076583348 degrees, from -22.694672297500436 with SPEED 30.259563063333914
COLLECT Turning 17.129900358708152 degrees, from -21.389701076124453 with SPEED 28.519601434832605
COLLECT Turning 16.9138551216011 degrees, from -20.741565364803296 with SPEED 27.655420486404395
COLLECT Turning 16.64911211102245 degrees, from -19.947336333067355 with SPEED 26.596448444089805
COLLECT Turning 16.43253496681524 degrees, from -19.297604900445716 with SPEED 25.730139867260956
COLLECT Turning 16.193913355225117 degrees, from -18.581740065675355 with SPEED 24.775653420900472
COLLECT Turning 15.902808731455824 degrees, from -17.708426194367476 with SPEED 23.6112349258233
COLLECT Turning 15.707895825163249 degrees, from -17.123687475489742 with SPEED 22.83158330065299
COLLECT Turning 15.572821115413788 degrees, from -16.718463346241368 with SPEED 22.291284461655156
COLLECT Turning 15.430509824338877 degrees, from -16.291529473016627 with SPEED 21.722039297355504
COLLECT Turning 15.263764249674466 degrees, from -15.791292749023398 with SPEED 21.055056998697864
COLLECT Turning 15.140446212163397 degrees, from -15.42133863649019 with SPEED 20.561784848653588
COLLECT Turning 15.00393193450035 degrees, from -15.011795803501055 with SPEED 20.015727738001406
COLLECT Turning 14.817973399696552 degrees, from -14.453920199089653 with SPEED 19.271893598786203
COLLECT Turning 14.68113178278459 degrees, from -14.043395348353766 with SPEED 18.724527131138355
COLLECT Turning 14.536325575524291 degrees, from -13.60897672657287 with SPEED 18.14530230209716
COLLECT Turning 14.294476750320376 degrees, from -12.883430250961128 with SPEED 17.177907001281504
COLLECT Turning 14.183095681608933 degrees, from -12.549287044826798 with SPEED 16.73238272643573
COLLECT Turning 14.031919384419389 degrees, from -12.095758153258165 with SPEED 16.127677537677553
COLLECT Turning 13.96194114067169 degrees, from -11.88582342201507 with SPEED 15.847764562686761
COLLECT Turning 13.839467812615585 degrees, from -11.518403437846752 with SPEED 15.357871250462336
COLLECT Turning 13.591029163259483 degrees, from -10.773087489778451 with SPEED 14.364116653037934
COLLECT FORWARD
COLLECT FORWARD
COLLECT FORWARD
COLLECT FORWARD
COLLECT FORWARD
COLLECT FORWARD
COLLECT FORWARD
COLLECT FORWARD
COLLECT FORWARD
COLLECT FORWARD
COLLECT FORWARD
COLLECT FORWARD
COLLECT FORWARD
COLLECT FORWARD
COLLECT FORWARD
COLLECT FORWARD
COLLECT FORWARD
COLLECT FORWARD
COLLECT Turning 13.448798554625846 degrees, from -10.346395663877537 with SPEED 13.795194218503383
COLLECT FORWARD
COLLECT Turning 13.508828915514222 degrees, from -10.526486746542664 with SPEED 14.035315662056886
COLLECT Turning 13.716427395601297 degrees, from -11.149282186803891 with SPEED 14.865709582405188
COLLECT Turning 14.582805522212789 degrees, from -13.748416566638367 with SPEED 18.331222088851156
COLLECT Turning 15.005650889536376 degrees, from -15.016952668609129 with SPEED 20.022603558145505
COLLECT Turning 16.563163095069235 degrees, from -19.68948928520771 with SPEED 26.252652380276945
COLLECT Turning 17.377932406323396 degrees, from -22.133797218970187 with SPEED 29.511729625293583
COLLECT Turning 19.258668362430434 degrees, from -27.776005087291303 with SPEED 37.03467344972174
COLLECT Turning 19.390137818103174 degrees, from -28.17041345430952 with SPEED 37.560551272412695
COLLECT Turning 19.340051695678106 degrees, from -28.02015508703431 with SPEED 37.36020678271242
COLLECT Turning 19.682632765265737 degrees, from -29.047898295797218 with SPEED 38.730531061062955
COLLECT Turning 19.3326727612474 degrees, from -27.99801828374221 with SPEED 37.330691044989614
COLLECT Turning 18.934292708738496 degrees, from -26.802878126215496 with SPEED 35.73717083495399
COLLECT Turning 18.608530829582037 degrees, from -25.825592488746114 with SPEED 34.434123318328155
COLLECT Turning 18.25874840298713 degrees, from -24.776245208961395 with SPEED 33.03499361194853
COLLECT Turning 18.192999910889554 degrees, from -24.57899973266867 with SPEED 32.771999643558225
COLLECT Turning 17.972322335707 degrees, from -23.916967007121 with SPEED 31.889289342827997
COLLECT Turning 17.50912154737885 degrees, from -22.527364642136547 with SPEED 30.036486189515397
COLLECT Turning 16.971610719740724 degrees, from -20.914832159222176 with SPEED 27.8864428789629
COLLECT Turning 16.504599201352598 degrees, from -19.51379760405779 with SPEED 26.018396805410386
COLLECT Turning 16.08860824514124 degrees, from -18.26582473542372 with SPEED 24.35443298056496
COLLECT Turning 15.754602768409129 degrees, from -17.263808305227382 with SPEED 23.01841107363651
COLLECT Turning 15.532413554439685 degrees, from -16.597240663319052 with SPEED 22.129654217758738
COLLECT Turning 15.204077718706824 degrees, from -15.612233156120467 with SPEED 20.81631087482729
COLLECT Turning 14.915754356909389 degrees, from -14.747263070728163 with SPEED 19.663017427637552
COLLECT Turning 14.618522467314413 degrees, from -13.855567401943237 with SPEED 18.47408986925765
COLLECT Turning 14.45818918597643 degrees, from -13.374567557929288 with SPEED 17.832756743905716
COLLECT Turning 14.246326929379507 degrees, from -12.738980788138523 with SPEED 16.98530771751803
COLLECT Turning 13.989785158727956 degrees, from -11.969355476183871 with SPEED 15.959140634911828
COLLECT Turning 13.870357284933968 degrees, from -11.611071854801903 with SPEED 15.481429139735871
COLLECT Turning 13.787212301138753 degrees, from -11.36163690341626 with SPEED 15.148849204555013
COLLECT Turning 13.687699716225774 degrees, from -11.063099148677322 with SPEED 14.750798864903096
COLLECT Turning 13.539901612903444 degrees, from -10.61970483871033 with SPEED 14.159606451613774
COLLECT Turning 13.391111146550779 degrees, from -10.173333439652339 with SPEED 13.564444586203118
COLLECT FORWARD
COLLECT FORWARD
COLLECT FORWARD
COLLECT FORWARD
COLLECT FORWARD
COLLECT FORWARD
COLLECT FORWARD
COLLECT FORWARD
COLLECT FORWARD
COLLECT FORWARD
COLLECT FORWARD
COLLECT FORWARD
COLLECT FORWARD
COLLECT FORWARD
COLLECT FORWARD
COLLECT FORWARD
COLLECT FORWARD
COLLECT FORWARD
COLLECT Turning 13.872974636471946 degrees, from -11.618923909415841 with SPEED 15.491898545887787
COLLECT Turning 14.246096312976004 degrees, from -12.738288938928013 with SPEED 16.98438525190402
COLLECT Turning 14.805661689501306 degrees, from -14.416985068503918 with SPEED 19.222646758005222
COLLECT Turning 15.027634973813552 degrees, from -15.082904921440655 with SPEED 20.110539895254206
COLLECT Turning 16.48416133895326 degrees, from -19.452484016859778 with SPEED 25.936645355813038
COLLECT Turning 17.22092775375644 degrees, from -21.66278326126931 with SPEED 28.88371101502575
GET NEAR Turning -88.06019822812283 degrees, from 174.18059468436846 with SPEED -100
GET NEAR Turning -71.09969141282369 degrees, from 123.29907423847106 with SPEED -100
GET NEAR Turning -71.59027887698048 degrees, from 124.77083663094146 with SPEED -100
GET NEAR Turning -71.9815871569977 degrees, from 125.9447614709931 with SPEED -100
GET NEAR Turning -72.45612889546203 degrees, from 127.36838668638606 with SPEED -100
GET NEAR Turning -72.73593492533763 degrees, from 128.20780477601286 with SPEED -100
GET NEAR Turning -72.89215777519198 degrees, from 128.6764733255759 with SPEED -100
GET NEAR Turning -73.32690801623875 degrees, from 129.98072404871627 with SPEED -100
GET NEAR Turning -74.00328016583018 degrees, from 132.00984049749053 with SPEED -100
GET NEAR Turning -74.85591948119296 degrees, from 134.56775844357887 with SPEED -100
GET NEAR Turning -75.66228211629277 degrees, from 136.9868463488783 with SPEED -100
GET NEAR Turning -76.4832698627743 degrees, from 139.44980958832292 with SPEED -100
GET NEAR Turning -77.28264024252425 degrees, from 141.84792072757276 with SPEED -100
GET NEAR Turning -78.08180788740907 degrees, from 144.2454236622272 with SPEED -100
GET NEAR Turning -78.74146556778291 degrees, from 146.22439670334873 with SPEED -100
GET NEAR Turning -79.38443171730887 degrees, from 148.15329515192664 with SPEED -100
GET NEAR Turning -79.87282336107691 degrees, from 149.61847008323073 with SPEED -100
GET NEAR Turning -80.47079499703125 degrees, from 151.41238499109375 with SPEED -100
GET NEAR Turning -81.17222338426865 degrees, from 153.51667015280597 with SPEED -100
GET NEAR Turning -81.84094000604281 degrees, from 155.52282001812844 with SPEED -100
GET NEAR Turning -82.64112820619027 degrees, from 157.92338461857082 with SPEED -100
COLLECT Turning -63.36793390292127 degrees, from 160.10380170876383 with SPEED -100
COLLECT Turning -64.15780825933149 degrees, from 162.47342477799447 with SPEED -100
COLLECT Turning -64.85747579713475 degrees, from 164.57242739140426 with SPEED -100
COLLECT Turning -65.64881111570477 degrees, from 166.9464333471143 with SPEED -100
COLLECT Turning -66.3246900015053 degrees, from 168.9740700045159 with SPEED -100
COLLECT Turning -66.99070352746642 degrees, from 170.9721105823993 with SPEED -100
COLLECT Turning -67.76664498052659 degrees, from 173.2999349415798 with SPEED -100
COLLECT Turning -68.66809984857966 degrees, from 176.00429954573897 with SPEED -100
COLLECT Turning -69.55065987428418 degrees, from 178.65197962285256 with SPEED -100
COLLECT Turning -69.98457115620008 degrees, from 179.95371346860023 with SPEED -100
COLLECT Turning 69.10081440956014 degrees, from -177.3024432286804 with SPEED 100
COLLECT Turning 68.2945733021576 degrees, from -174.88371990647278 with SPEED 100
COLLECT Turning 67.59639681236735 degrees, from -172.789190437102 with SPEED 100
COLLECT Turning 67.06127828971046 degrees, from -171.1838348691314 with SPEED 100
COLLECT Turning 66.44202074494078 degrees, from -169.32606223482236 with SPEED 100
COLLECT Turning 65.68153009498613 degrees, from -167.0445902849584 with SPEED 100
COLLECT Turning 64.86136696870787 degrees, from -164.58410090612358 with SPEED 100
COLLECT Turning 63.97493644653741 degrees, from -161.92480933961224 with SPEED 100
COLLECT Turning 63.135360780820484 degrees, from -159.40608234246145 with SPEED 100
COLLECT Turning 62.1415658216628 degrees, from -156.4246974649884 with SPEED 100
COLLECT Turning 61.302051952882344 degrees, from -153.90615585864703 with SPEED 100
COLLECT Turning 60.65486754997996 degrees, from -151.96460264993988 with SPEED 100
COLLECT Turning 59.89992533520509 degrees, from -149.69977600561526 with SPEED 100
COLLECT Turning 59.00456392891878 degrees, from -147.01369178675634 with SPEED 100
COLLECT Turning 58.13117719129655 degrees, from -144.39353157388965 with SPEED 100
GET NEAR Turning 77.14290685352128 degrees, from -141.42872056056385 with SPEED 100
GET NEAR Turning 76.03881930796351 degrees, from -138.1164579238905 with SPEED 100
GET NEAR Turning 75.04435216647718 degrees, from -135.13305649943158 with SPEED 100
GET NEAR Turning 74.20075982016829 degrees, from -132.6022794605049 with SPEED 100
GET NEAR Turning 73.46990324567076 degrees, from -130.40970973701232 with SPEED 100
GET NEAR Turning 72.74887490682093 degrees, from -128.2466247204628 with SPEED 100
GET NEAR Turning 72.00572429262579 degrees, from -126.01717287787733 with SPEED 100
GET NEAR Turning 71.27830810138045 degrees, from -123.83492430414137 with SPEED 100
GET NEAR Turning 70.47453336855267 degrees, from -121.423600105658 with SPEED 100
GET NEAR Turning 69.64003479759478 degrees, from -118.92010439278434 with SPEED 100
GET NEAR Turning 68.69385413704146 degrees, from -116.08156241112435 with SPEED 100
GET NEAR Turning 67.76174102717677 degrees, from -113.2852230815303 with SPEED 100
GET NEAR Turning 66.88268769728873 degrees, from -110.64806309186619 with SPEED 100
GET NEAR Turning 66.17685354070125 degrees, from -108.53056062210372 with SPEED 100
GET NEAR Turning 65.42680470360241 degrees, from -106.28041411080726 with SPEED 100
GET NEAR Turning 64.68039172936963 degrees, from -104.04117518810887 with SPEED 100
GET NEAR Turning 63.82452062321397 degrees, from -101.47356186964191 with SPEED 100
GET NEAR Turning 62.97730690950413 degrees, from -98.9319207285124 with SPEED 100
GET NEAR Turning 61.97051559067948 degrees, from -95.91154677203843 with SPEED 100
GET NEAR Turning 60.885392379972714 degrees, from -92.65617713991814 with SPEED 100
GET NEAR Turning 59.75032936230605 degrees, from -89.25098808691813 with SPEED 100
GET NEAR Turning 58.87957640340521 degrees, from -86.63872921021564 with SPEED 100
GET NEAR Turning 57.954613585260574 degrees, from -83.86384075578172 with SPEED 100
GET NEAR Turning 57.00002098718784 degrees, from -81.0000629615635 with SPEED 100
GET NEAR Turning 56.00826901602359 degrees, from -78.02480704807078 with SPEED 100
GET NEAR Turning 55.0635758453996 degrees, from -75.19072753619879 with SPEED 100
GET NEAR Turning 54.12851059700152 degrees, from -72.38553179100458 with SPEED 96.5140423880061
GET NEAR Turning 53.148842550514914 degrees, from -69.44652765154473 with SPEED 92.59537020205964
GET NEAR Turning 52.28530343254117 degrees, from -66.8559102976235 with SPEED 89.14121373016467
GET NEAR Turning 51.52514029768059 degrees, from -64.57542089304178 with SPEED 86.10056119072237
GET NEAR Turning 50.729937532855644 degrees, from -62.189812598566924 with SPEED 82.91975013142256
GET NEAR Turning 49.70702331052233 degrees, from -59.121069931566986 with SPEED 78.82809324208931
GET NEAR Turning 48.72102360731053 degrees, from -56.163070821931576 with SPEED 74.8840944292421
GET NEAR Turning 47.7235616857869 degrees, from -53.17068505736069 with SPEED 70.89424674314759
GET NEAR Turning 47.28260106094331 degrees, from -51.847803182829935 with SPEED 69.13040424377324
GET NEAR Turning 46.425175822857774 degrees, from -49.27552746857332 with SPEED 65.7007032914311
GET NEAR Turning 45.79185865997762 degrees, from -47.37557597993286 with SPEED 63.16743463991048
GET NEAR Turning 45.01805446339778 degrees, from -45.054163390193345 with SPEED 60.07221785359113
GET NEAR Turning 44.15668803062724 degrees, from -42.47006409188171 with SPEED 56.62675212250895
COLLECT Turning 22.574775344468705 degrees, from -37.72432603340611 with SPEED 50.29910137787481
COLLECT Turning 21.427354216574315 degrees, from -34.28206264972294 with SPEED 45.70941686629725
COLLECT Turning 20.5805148402008 degrees, from -31.741544520602393 with SPEED 42.32205936080319
COLLECT Turning 19.906486685293054 degrees, from -29.719460055879157 with SPEED 39.62594674117221
COLLECT Turning 19.149472171305376 degrees, from -27.44841651391613 with SPEED 36.597888685221506
COLLECT Turning 18.196769851122472 degrees, from -24.590309553367415 with SPEED 32.78707940448989
COLLECT Turning 17.164011714700624 degrees, from -21.49203514410187 with SPEED 28.656046858802494
COLLECT Turning 16.09025665916629 degrees, from -18.270769977498865 with SPEED 24.361026636665155
COLLECT Turning 15.208965746920079 degrees, from -15.626897240760234 with SPEED 20.83586298768031
COLLECT Turning 14.648120995431924 degrees, from -13.944362986295776 with SPEED 18.5924839817277
COLLECT Turning 14.30872205437004 degrees, from -12.926166163110118 with SPEED 17.234888217480158
COLLECT Turning 13.79343489679769 degrees, from -11.38030469039307 with SPEED 15.17373958719076
COLLECT FORWARD
COLLECT FORWARD
COLLECT FORWARD
COLLECT FORWARD
COLLECT FORWARD
COLLECT FORWARD
COLLECT FORWARD
COLLECT FORWARD
COLLECT FORWARD
COLLECT FORWARD
COLLECT FORWARD
COLLECT FORWARD
COLLECT FORWARD
COLLECT FORWARD
COLLECT FORWARD
COLLECT FORWARD
COLLECT FORWARD
COLLECT FORWARD
COLLECT FORWARD
COLLECT FORWARD
COLLECT FORWARD
COLLECT FORWARD
COLLECT FORWARD
COLLECT FORWARD
COLLECT FORWARD
COLLECT FORWARD
COLLECT FORWARD
COLLECT FORWARD
COLLECT FORWARD
COLLECT FORWARD
COLLECT FORWARD
COLLECT FORWARD
COLLECT FORWARD
COLLECT FORWARD
COLLECT FORWARD
COLLECT Turning 13.468922631028246 degrees, from -10.406767893084739 with SPEED 13.875690524112985
COLLECT Turning 13.491828725420579 degrees, from -10.475486176261738 with SPEED 13.967314901682316
COLLECT Turning 13.677467061293362 degrees, from -11.032401183880086 with SPEED 14.709868245173448
COLLECT Turning 13.83900710905617 degrees, from -11.517021327168512 with SPEED 15.356028436224683
COLLECT Turning 14.02174100576054 degrees, from -12.06522301728162 with SPEED 16.08696402304216
COLLECT Turning 14.18180847515955 degrees, from -12.545425425478648 with SPEED 16.727233900638197
COLLECT Turning 14.28648712753581 degrees, from -12.859461382607432 with SPEED 17.145948510143242
COLLECT Turning 14.00548539987082 degrees, from -12.016456199612458 with SPEED 16.021941599483277
COLLECT Turning 13.649815549630809 degrees, from -10.949446648892428 with SPEED 14.599262198523236
COLLECT Turning 13.428039532692878 degrees, from -10.284118598078637 with SPEED 13.712158130771515
COLLECT FORWARD
COLLECT FORWARD
COLLECT FORWARD
COLLECT FORWARD
COLLECT FORWARD
COLLECT FORWARD
COLLECT FORWARD
COLLECT FORWARD
COLLECT FORWARD
COLLECT FORWARD
COLLECT FORWARD
COLLECT FORWARD
COLLECT FORWARD
COLLECT Turning 13.463486744894668 degrees, from -10.390460234684006 with SPEED 13.853946979578675
COLLECT Turning 13.592341657312616 degrees, from -10.77702497193785 with SPEED 14.369366629250466
COLLECT Turning 13.728989897601906 degrees, from -11.186969692805718 with SPEED 14.915959590407624
COLLECT Turning 13.883720182931604 degrees, from -11.651160548794811 with SPEED 15.534880731726416
COLLECT Turning 13.989615386309111 degrees, from -11.968846158927336 with SPEED 15.958461545236448
COLLECT Turning 13.808303069553983 degrees, from -11.424909208661946 with SPEED 15.233212278215928
COLLECT Turning 13.459223233777989 degrees, from -10.377669701333964 with SPEED 13.836892935111953
COLLECT FORWARD
COLLECT FORWARD
COLLECT FORWARD
COLLECT FORWARD
COLLECT FORWARD
COLLECT FORWARD
COLLECT FORWARD
COLLECT FORWARD
COLLECT FORWARD
COLLECT FORWARD
COLLECT FORWARD
COLLECT FORWARD
COLLECT FORWARD
COLLECT FORWARD
COLLECT FORWARD
COLLECT Turning 13.756248260826549 degrees, from -11.268744782479645 with SPEED 15.024993043306194
COLLECT Turning 13.852292610857178 degrees, from -11.556877832571534 with SPEED 15.409170443428712
COLLECT Turning 13.720235074077667 degrees, from -11.160705222233004 with SPEED 14.880940296310671
COLLECT Turning 14.05925144624149 degrees, from -12.177754338724473 with SPEED 16.237005784965962
COLLECT Turning 13.738702342012084 degrees, from -11.216107026036251 with SPEED 14.954809368048336
COLLECT Turning 13.397176131777849 degrees, from -10.191528395333545 with SPEED 13.588704527111394
COLLECT FORWARD
COLLECT FORWARD
COLLECT FORWARD
COLLECT FORWARD
COLLECT FORWARD
COLLECT FORWARD
COLLECT FORWARD
COLLECT FORWARD
COLLECT FORWARD
COLLECT FORWARD
COLLECT FORWARD
COLLECT FORWARD
COLLECT FORWARD
COLLECT Turning 13.342858282538563 degrees, from -10.02857484761569 with SPEED 13.371433130154253
COLLECT Turning 13.640991465548073 degrees, from -10.922974396644218 with SPEED 14.56396586219229
COLLECT Turning 13.888130332435013 degrees, from -11.664390997305041 with SPEED 15.552521329740054
COLLECT Turning 14.20481953923521 degrees, from -12.614458617705626 with SPEED 16.819278156940836
COLLECT Turning 14.3596456931702 degrees, from -13.078937079510604 with SPEED 17.438582772680807
COLLECT Turning 14.100628982477534 degrees, from -12.301886947432605 with SPEED 16.40251592991014
COLLECT Turning 13.740295459499823 degrees, from -11.220886378499467 with SPEED 14.96118183799929
COLLECT Turning 13.611449884001178 degrees, from -10.834349652003533 with SPEED 14.445799536004712
COLLECT Turning 13.39445642593476 degrees, from -10.183369277804278 with SPEED 13.577825703739038
COLLECT FORWARD
COLLECT FORWARD
COLLECT FORWARD
COLLECT FORWARD
COLLECT FORWARD
COLLECT FORWARD
COLLECT FORWARD
GET NEAR Turning -58.944338310362994 degrees, from 86.83301493108898 with SPEED -100
GET NEAR Turning -59.02779166595677 degrees, from 87.08337499787032 with SPEED -100
GET NEAR Turning -59.10358508847294 degrees, from 87.31075526541883 with SPEED -100
GET NEAR Turning -59.12627267370601 degrees, from 87.37881802111804 with SPEED -100
GET NEAR Turning -59.255178872184146 degrees, from 87.76553661655244 with SPEED -100
GET NEAR Turning -59.33308363846382 degrees, from 87.99925091539146 with SPEED -100
GET NEAR Turning -59.446831624448265 degrees, from 88.34049487334481 with SPEED -100
GET NEAR Turning -60.00534166755244 degrees, from 90.01602500265732 with SPEED -100
GET NEAR Turning -60.924288570823805 degrees, from 92.77286571247141 with SPEED -100
GET NEAR Turning -62.03368317916002 degrees, from 96.10104953748007 with SPEED -100
GET NEAR Turning -63.27159264156952 degrees, from 99.81477792470855 with SPEED -100
GET NEAR Turning -64.46434376204795 degrees, from 103.39303128614384 with SPEED -100
GET NEAR Turning -65.32095034232691 degrees, from 105.96285102698076 with SPEED -100
GET NEAR Turning -66.78365004422139 degrees, from 110.3509501326642 with SPEED -100
GET NEAR Turning -67.62447776232828 degrees, from 112.87343328698485 with SPEED -100
GET NEAR Turning -68.16855208977336 degrees, from 114.5056562693201 with SPEED -100
GET NEAR Turning -68.52811559936174 degrees, from 115.58434679808524 with SPEED -100
GET NEAR Turning -69.05559353718729 degrees, from 117.16678061156189 with SPEED -100
GET NEAR Turning -69.76878521840987 degrees, from 119.30635565522965 with SPEED -100
GET NEAR Turning -70.54920183563587 degrees, from 121.64760550690761 with SPEED -100
GET NEAR Turning -71.33378398218392 degrees, from 124.00135194655175 with SPEED -100
GET NEAR Turning -72.19852787631555 degrees, from 126.59558362894667 with SPEED -100
GET NEAR Turning -73.22198458391574 degrees, from 129.6659537517472 with SPEED -100
GET NEAR Turning -74.12978705126264 degrees, from 132.38936115378792 with SPEED -100
GET NEAR Turning -74.90643442164068 degrees, from 134.71930326492202 with SPEED -100
GET NEAR Turning -75.98453753253989 degrees, from 137.95361259761964 with SPEED -100
GET NEAR Turning -77.20640852139118 degrees, from 141.61922556417358 with SPEED -100
GET NEAR Turning -78.33726939499982 degrees, from 145.0118081849995 with SPEED -100
GET NEAR Turning -79.50758471037142 degrees, from 148.52275413111428 with SPEED -100
GET NEAR Turning -80.54542527078635 degrees, from 151.6362758123591 with SPEED -100
GET NEAR Turning -81.44272015436906 degrees, from 154.32816046310717 with SPEED -100
GET NEAR Turning -82.11375262849256 degrees, from 156.3412578854777 with SPEED -100
GET NEAR Turning -82.85036757753957 degrees, from 158.55110273261874 with SPEED -100
GET NEAR Turning -83.32386320922285 degrees, from 159.97158962766858 with SPEED -100
GET NEAR Turning -84.04424598298684 degrees, from 162.13273794896048 with SPEED -100
GET NEAR Turning -84.75325388769951 degrees, from 164.25976166309857 with SPEED -100
GET NEAR Turning -85.66514042583657 degrees, from 166.9954212775097 with SPEED -100
GET NEAR Turning -86.48315635365412 degrees, from 169.44946906096237 with SPEED -100
GET NEAR Turning -87.47320916765656 degrees, from 172.41962750296972 with SPEED -100
GET NEAR Turning -88.38688529942186 degrees, from 175.1606558982656 with SPEED -100
GET NEAR Turning -89.25568187404954 degrees, from 177.76704562214863 with SPEED -100
GET NEAR Turning 89.72304128314784 degrees, from -179.1691238494435 with SPEED 100
GET NEAR Turning 89.0166393945172 degrees, from -177.04991818355157 with SPEED 100
GET NEAR Turning 88.06803195899246 degrees, from -174.2040958769774 with SPEED 100
GET NEAR Turning 87.20417423189085 degrees, from -171.61252269567254 with SPEED 100
GET NEAR Turning 86.31082605244367 degrees, from -168.932478157331 with SPEED 100
GET NEAR Turning 84.83826095084856 degrees, from -164.51478285254566 with SPEED 100
GET NEAR Turning 83.80450245659347 degrees, from -161.41350736978038 with SPEED 100
GET NEAR Turning 82.85817517754845 degrees, from -158.5745255326453 with SPEED 100
GET NEAR Turning 81.75187574471045 degrees, from -155.25562723413134 with SPEED 100
GET NEAR Turning 81.17017078287131 degrees, from -153.5105123486139 with SPEED 100
GET NEAR Turning 80.01332472292572 degrees, from -150.03997416877718 with SPEED 100
GET NEAR Turning 79.37638698353979 degrees, from -148.12916095061937 with SPEED 100
GET NEAR Turning 78.71926906798862 degrees, from -146.1578072039659 with SPEED 100
GET NEAR Turning 78.06474187052888 degrees, from -144.19422561158663 with SPEED 100
GET NEAR Turning 77.30626607763725 degrees, from -141.91879823291177 with SPEED 100
GET NEAR Turning 76.60840066174833 degrees, from -139.82520198524503 with SPEED 100
GET NEAR Turning 75.85582746099962 degrees, from -137.5674823829989 with SPEED 100
GET NEAR Turning 75.10544519634126 degrees, from -135.3163355890238 with SPEED 100
GET NEAR Turning 74.25036931560382 degrees, from -132.75110794681146 with SPEED 100
GET NEAR Turning 73.52721119865956 degrees, from -130.5816335959787 with SPEED 100
GET NEAR Turning 72.73003074396223 degrees, from -128.1900922318867 with SPEED 100
GET NEAR Turning 72.34561729191205 degrees, from -127.03685187573616 with SPEED 100
GET NEAR Turning 71.33342904113312 degrees, from -124.00028712339937 with SPEED 100
GET NEAR Turning 70.31836778776753 degrees, from -120.95510336330261 with SPEED 100
GET NEAR Turning 69.38559627027496 degrees, from -118.15678881082486 with SPEED 100
GET NEAR Turning 68.37166393146768 degrees, from -115.11499179440305 with SPEED 100
GET NEAR Turning 67.36585885298197 degrees, from -112.09757655894595 with SPEED 100
GET NEAR Turning 66.20127335213701 degrees, from -108.60382005641104 with SPEED 100
GET NEAR Turning 65.18762050629974 degrees, from -105.56286151889918 with SPEED 100
GET NEAR Turning 64.38625507909688 degrees, from -103.15876523729068 with SPEED 100
GET NEAR Turning 63.51868016016661 degrees, from -100.55604048049983 with SPEED 100
GET NEAR Turning 62.54134062764264 degrees, from -97.62402188292792 with SPEED 100
GET NEAR Turning 61.73593296737272 degrees, from -95.20779890211816 with SPEED 100
GET NEAR Turning 60.9265267227683 degrees, from -92.77958016830489 with SPEED 100
GET NEAR Turning 60.28058606984061 degrees, from -90.84175820952183 with SPEED 100
GET NEAR Turning 59.578467217959115 degrees, from -88.73540165387733 with SPEED 100
GET NEAR Turning 59.02097303743551 degrees, from -87.06291911230653 with SPEED 100
GET NEAR Turning 58.424575805688846 degrees, from -85.27372741706655 with SPEED 100
GET NEAR Turning 57.829413140277325 degrees, from -83.48823942083199 with SPEED 100
GET NEAR Turning 57.2249647939653 degrees, from -81.6748943818959 with SPEED 100
GET NEAR Turning 56.51868766210269 degrees, from -79.55606298630809 with SPEED 100
GET NEAR Turning 55.72888991590756 degrees, from -77.18666974772266 with SPEED 100
GET NEAR Turning 54.98612180498533 degrees, from -74.95836541495598 with SPEED 99.94448721994131
GET NEAR Turning 54.31508471822187 degrees, from -72.9452541546656 with SPEED 97.26033887288747
GET NEAR Turning 53.84309970055074 degrees, from -71.52929910165223 with SPEED 95.37239880220297
GET NEAR Turning 53.37530694788428 degrees, from -70.12592084365284 with SPEED 93.50122779153712
GET NEAR Turning 52.78245086572208 degrees, from -68.34735259716625 with SPEED 91.12980346288833
GET NEAR Turning 52.01066344552447 degrees, from -66.03199033657343 with SPEED 88.0426537820979
GET NEAR Turning 51.327620501920094 degrees, from -63.98286150576028 with SPEED 85.31048200768038
GET NEAR Turning 50.55423426405136 degrees, from -61.66270279215408 with SPEED 82.21693705620544
GET NEAR Turning 49.915129117764536 degrees, from -59.7453873532936 with SPEED 79.66051647105813
GET NEAR Turning 49.29132497647194 degrees, from -57.87397492941582 with SPEED 77.16529990588776
GET NEAR Turning 48.68540284353798 degrees, from -56.05620853061394 with SPEED 74.74161137415192
GET NEAR Turning 48.01319092001421 degrees, from -54.039572760042645 with SPEED 72.05276368005686
GET NEAR Turning 47.35274414578796 degrees, from -52.05823243736388 with SPEED 69.41097658315184
GET NEAR Turning 46.66388794743914 degrees, from -49.99166384231743 with SPEED 66.65555178975657
GET NEAR Turning 45.987382205584765 degrees, from -47.962146616754296 with SPEED 63.94952882233906
GET NEAR Turning 45.35842293245716 degrees, from -46.07526879737147 with SPEED 61.43369172982863
GET NEAR Turning 44.83343459486888 degrees, from -44.50030378460664 with SPEED 59.33373837947553
GET NEAR Turning 44.27002774236162 degrees, from -42.81008322708485 with SPEED 57.08011096944647
GET NEAR Turning 43.645490883075546 degrees, from -40.936472649226644 with SPEED 54.58196353230219
GET NEAR Turning 42.984377082317415 degrees, from -38.953131246952246 with SPEED 51.93750832926966
GET NEAR Turning 42.38393100032615 degrees, from -37.15179300097846 with SPEED 49.53572400130461
GET NEAR Turning 41.98519804161929 degrees, from -35.95559412485787 with SPEED 47.94079216647716
GET NEAR Turning 41.58667736823488 degrees, from -34.76003210470465 with SPEED 46.34670947293953
GET NEAR Turning 41.084815641279434 degrees, from -33.2544469238383 with SPEED 44.339262565117735
GET NEAR Turning 40.472506270644544 degrees, from -31.417518811933622 with SPEED 41.89002508257816
GET NEAR Turning 39.77593513579412 degrees, from -29.327805407382368 with SPEED 39.10374054317649
GET NEAR Turning 39.11056906288866 degrees, from -27.331707188665977 with SPEED 36.44227625155464
GET NEAR Turning 38.56311916551873 degrees, from -25.689357496556195 with SPEED 34.252476662074926
GET NEAR Turning 38.21655286762564 degrees, from -24.649658602876922 with SPEED 32.86621147050256
GET NEAR Turning 38.062646565457726 degrees, from -24.187939696373185 with SPEED 32.25058626183091
GET NEAR Turning 37.623619832008124 degrees, from -22.870859496024366 with SPEED 30.494479328032487
GET NEAR Turning 37.239433694920564 degrees, from -21.71830108476169 with SPEED 28.957734779682255
GET NEAR Turning 36.73610402589707 degrees, from -20.208312077691215 with SPEED 26.944416103588285
GET NEAR Turning 36.236364968545544 degrees, from -18.709094905636626 with SPEED 24.945459874182166
GET NEAR Turning 35.736162696404385 degrees, from -17.208488089213162 with SPEED 22.94465078561755
GET NEAR Turning 35.57751587164051 degrees, from -16.732547614921515 with SPEED 22.31006348656202
GET NEAR Turning 35.30185976756825 degrees, from -15.905579302704755 with SPEED 21.207439070273008
GET NEAR Turning 34.868736486262854 degrees, from -14.606209458788568 with SPEED 19.474945945051424
GET NEAR Turning 34.40502557709403 degrees, from -13.215076731282096 with SPEED 17.62010230837613
GET NEAR Turning 33.833587000916836 degrees, from -11.500761002750501 with SPEED 15.334348003667335
GET NEAR FORWARD
GET NEAR FORWARD
GET NEAR FORWARD
GET NEAR FORWARD
GET NEAR FORWARD
GET NEAR FORWARD
GET NEAR FORWARD
GET NEAR FORWARD
GET NEAR FORWARD
GET NEAR FORWARD
GET NEAR FORWARD
GET NEAR FORWARD
GET NEAR FORWARD
GET NEAR FORWARD
GET NEAR FORWARD
GET NEAR FORWARD
GET NEAR Turning 33.432299013003245 degrees, from -10.29689703900974 with SPEED 13.729196052012988
GET NEAR Turning 33.75724769182663 degrees, from -11.271743075479884 with SPEED 15.028990767306512
GET NEAR Turning 34.01068477652416 degrees, from -12.032054329572475 with SPEED 16.042739106096633
GET NEAR Turning 34.28648178619575 degrees, from -12.859445358587259 with SPEED 17.145927144783013
GET NEAR Turning 34.45423002523082 degrees, from -13.362690075692457 with SPEED 17.816920100923276
GET NEAR Turning 34.70354812961975 degrees, from -14.110644388859237 with SPEED 18.814192518478983
GET NEAR Turning 34.90254270512614 degrees, from -14.707628115378418 with SPEED 19.610170820504557
GET NEAR Turning 35.19529708209809 degrees, from -15.585891246294269 with SPEED 20.781188328392357
GET NEAR Turning 35.38540263984349 degrees, from -16.156207919530463 with SPEED 21.54161055937395
GET NEAR Turning 35.63370994431278 degrees, from -16.90112983293833 with SPEED 22.534839777251108
GET NEAR Turning 35.65942400552144 degrees, from -16.97827201656431 with SPEED 22.63769602208575
GET NEAR Turning 35.45122489587995 degrees, from -16.353674687639863 with SPEED 21.804899583519816
GET NEAR Turning 34.95803102385492 degrees, from -14.874093071564765 with SPEED 19.832124095419687
GET NEAR Turning 34.457802811804285 degrees, from -13.373408435412864 with SPEED 17.83121124721715
GET NEAR Turning 33.9342266403412 degrees, from -11.802679921023604 with SPEED 15.736906561364805
GET NEAR FORWARD
GET NEAR FORWARD
GET NEAR FORWARD
GET NEAR FORWARD
GET NEAR FORWARD
GET NEAR FORWARD
GET NEAR FORWARD
GET NEAR FORWARD
GET NEAR FORWARD
GET NEAR FORWARD
GET NEAR FORWARD
GET NEAR FORWARD
GET NEAR FORWARD
GET NEAR FORWARD
GET NEAR FORWARD
GET NEAR FORWARD
GET NEAR FORWARD
GET NEAR FORWARD
GET NEAR FORWARD
GET NEAR FORWARD
GET NEAR FORWARD
GET NEAR FORWARD
GET NEAR FORWARD
GET NEAR FORWARD
GET NEAR Turning 33.37545978882659 degrees, from -10.126379366479757 with SPEED 13.501839155306342
GET NEAR Turning 33.582194679190664 degrees, from -10.746584037571983 with SPEED 14.328778716762644
GET NEAR Turning 33.86510472198456 degrees, from -11.595314165953678 with SPEED 15.460418887938237
GET NEAR Turning 34.01429876851398 degrees, from -12.042896305541948 with SPEED 16.05719507405593
COLLECT Turning 14.190421183619124 degrees, from -12.571263550857372 with SPEED 16.761684734476496
COLLECT Turning 14.157107364986206 degrees, from -12.471322094958623 with SPEED 16.62842945994483
COLLECT Turning 14.053617254037672 degrees, from -12.160851762113015 with SPEED 16.214469016150687
COLLECT Turning 13.822664147760603 degrees, from -11.46799244328181 with SPEED 15.290656591042413
COLLECT Turning 13.528500466613819 degrees, from -10.585501399841455 with SPEED 14.114001866455274
COLLECT FORWARD
COLLECT FORWARD
COLLECT FORWARD
COLLECT FORWARD
COLLECT FORWARD
COLLECT FORWARD
COLLECT FORWARD
COLLECT FORWARD
COLLECT FORWARD
COLLECT FORWARD
COLLECT FORWARD
COLLECT FORWARD
COLLECT FORWARD
COLLECT FORWARD
COLLECT FORWARD
COLLECT FORWARD
COLLECT FORWARD
COLLECT FORWARD
COLLECT FORWARD
COLLECT FORWARD
COLLECT FORWARD
COLLECT FORWARD
COLLECT FORWARD
COLLECT FORWARD
COLLECT FORWARD
COLLECT FORWARD
COLLECT FORWARD
COLLECT FORWARD
COLLECT FORWARD
COLLECT FORWARD
COLLECT FORWARD
COLLECT FORWARD
COLLECT FORWARD
COLLECT FORWARD
COLLECT FORWARD
COLLECT FORWARD
COLLECT FORWARD
COLLECT FORWARD
COLLECT FORWARD
COLLECT FORWARD
COLLECT FORWARD
COLLECT FORWARD
COLLECT FORWARD
COLLECT FORWARD
COLLECT FORWARD
COLLECT FORWARD
COLLECT FORWARD
COLLECT FORWARD
COLLECT FORWARD
COLLECT FORWARD
COLLECT FORWARD
COLLECT FORWARD
COLLECT FORWARD
COLLECT FORWARD
COLLECT FORWARD
COLLECT FORWARD
COLLECT FORWARD
COLLECT FORWARD
COLLECT FORWARD
COLLECT FORWARD
COLLECT FORWARD
COLLECT FORWARD
COLLECT FORWARD
COLLECT FORWARD
COLLECT FORWARD
COLLECT FORWARD
COLLECT FORWARD
COLLECT FORWARD
COLLECT FORWARD
COLLECT FORWARD
COLLECT FORWARD
COLLECT FORWARD
COLLECT FORWARD
COLLECT FORWARD
COLLECT FORWARD
COLLECT FORWARD
COLLECT FORWARD
COLLECT FORWARD
COLLECT FORWARD
COLLECT FORWARD
COLLECT FORWARD
COLLECT FORWARD
COLLECT FORWARD
COLLECT FORWARD
COLLECT FORWARD
COLLECT FORWARD
COLLECT FORWARD
COLLECT FORWARD
COLLECT FORWARD
COLLECT FORWARD
COLLECT FORWARD
COLLECT FORWARD
COLLECT FORWARD
COLLECT FORWARD
COLLECT FORWARD
COLLECT FORWARD
COLLECT FORWARD
COLLECT FORWARD
COLLECT FORWARD
COLLECT FORWARD
COLLECT FORWARD
COLLECT FORWARD
COLLECT FORWARD
COLLECT FORWARD
COLLECT FORWARD
COLLECT FORWARD
COLLECT FORWARD
COLLECT FORWARD
COLLECT FORWARD
COLLECT FORWARD
COLLECT FORWARD
COLLECT FORWARD
COLLECT FORWARD
COLLECT FORWARD
COLLECT FORWARD
COLLECT FORWARD
COLLECT FORWARD
COLLECT FORWARD
COLLECT FORWARD
COLLECT FORWARD
COLLECT FORWARD
COLLECT FORWARD
COLLECT FORWARD
COLLECT FORWARD
COLLECT FORWARD
COLLECT FORWARD
COLLECT FORWARD
COLLECT FORWARD
COLLECT FORWARD
COLLECT FORWARD
COLLECT FORWARD
COLLECT FORWARD
COLLECT FORWARD
COLLECT FORWARD
COLLECT FORWARD
COLLECT FORWARD
COLLECT FORWARD
COLLECT FORWARD
COLLECT FORWARD
COLLECT FORWARD
COLLECT FORWARD
COLLECT FORWARD
COLLECT FORWARD
COLLECT FORWARD
COLLECT FORWARD
COLLECT FORWARD
COLLECT FORWARD
COLLECT FORWARD
COLLECT FORWARD
COLLECT FORWARD
COLLECT FORWARD
COLLECT FORWARD
COLLECT FORWARD
COLLECT FORWARD
COLLECT FORWARD
COLLECT FORWARD
COLLECT FORWARD
COLLECT FORWARD
COLLECT FORWARD
COLLECT FORWARD
COLLECT FORWARD
COLLECT FORWARD
COLLECT FORWARD
COLLECT FORWARD
COLLECT FORWARD
COLLECT FORWARD
COLLECT FORWARD
COLLECT Turning 13.343528757866707 degrees, from -10.030586273600122 with SPEED 13.374115031466829
COLLECT Turning 13.367277266129427 degrees, from -10.10183179838828 with SPEED 13.469109064517708
COLLECT Turning 13.407545076447217 degrees, from -10.22263522934165 with SPEED 13.630180305788867
COLLECT Turning 13.429684263991541 degrees, from -10.289052791974623 with SPEED 13.718737055966164
COLLECT Turning 13.406512290407736 degrees, from -10.219536871223209 with SPEED 13.626049161630945
COLLECT Turning 13.450043416108436 degrees, from -10.350130248325305 with SPEED 13.800173664433741
COLLECT Turning 13.430579509125703 degrees, from -10.291738527377111 with SPEED 13.722318036502815
COLLECT Turning 13.354220675451758 degrees, from -10.062662026355277 with SPEED 13.416882701807035
COLLECT FORWARD
COLLECT FORWARD
COLLECT FORWARD
COLLECT FORWARD
COLLECT FORWARD
COLLECT FORWARD
COLLECT FORWARD
COLLECT FORWARD
COLLECT FORWARD
COLLECT FORWARD
COLLECT FORWARD
COLLECT FORWARD
COLLECT FORWARD
COLLECT FORWARD
COLLECT FORWARD
COLLECT FORWARD
COLLECT FORWARD
COLLECT FORWARD
COLLECT FORWARD
COLLECT FORWARD
COLLECT FORWARD
COLLECT FORWARD
COLLECT FORWARD
COLLECT Turning 13.450252524398236 degrees, from -10.350757573194706 with SPEED 13.801010097592942
COLLECT Turning 13.555955863669858 degrees, from -10.667867591009577 with SPEED 14.223823454679435
COLLECT Turning 13.701896488722976 degrees, from -11.105689466168927 with SPEED 14.807585954891904
COLLECT Turning 13.790373954485712 degrees, from -11.37112186345714 with SPEED 15.161495817942852
COLLECT Turning 13.793029266334655 degrees, from -11.379087799003964 with SPEED 15.172117065338618
COLLECT Turning 13.480054730501733 degrees, from -10.440164191505197 with SPEED 13.92021892200693
COLLECT FORWARD
COLLECT FORWARD
COLLECT FORWARD
COLLECT FORWARD
COLLECT FORWARD
COLLECT FORWARD
COLLECT FORWARD
COLLECT FORWARD
COLLECT FORWARD
COLLECT FORWARD
COLLECT FORWARD
COLLECT FORWARD
COLLECT FORWARD
COLLECT FORWARD
COLLECT FORWARD
COLLECT FORWARD
COLLECT FORWARD
COLLECT FORWARD
COLLECT FORWARD
COLLECT FORWARD
COLLECT FORWARD
COLLECT FORWARD
COLLECT FORWARD
COLLECT FORWARD
COLLECT FORWARD
COLLECT FORWARD
COLLECT FORWARD
COLLECT FORWARD
COLLECT FORWARD
COLLECT FORWARD
COLLECT FORWARD
COLLECT Turning 13.606781910922427 degrees, from -10.820345732767283 with SPEED 14.42712764368971
COLLECT Turning 13.725539834321367 degrees, from -11.176619502964101 with SPEED 14.902159337285468
COLLECT Turning 13.823064305871036 degrees, from -11.469192917613105 with SPEED 15.29225722348414
COLLECT Turning 14.023822986432814 degrees, from -12.071468959298441 with SPEED 16.095291945731255
COLLECT Turning 14.242307577200414 degrees, from -12.726922731601238 with SPEED 16.969230308801652
COLLECT Turning 14.607848424089514 degrees, from -13.823545272268547 with SPEED 18.43139369635806
COLLECT Turning 14.695343701548738 degrees, from -14.086031104646215 with SPEED 18.781374806194954
COLLECT Turning 14.428244569515616 degrees, from -13.284733708546849 with SPEED 17.712978278062465
COLLECT Turning 14.032840757667813 degrees, from -12.098522273003438 with SPEED 16.13136303067125
COLLECT Turning 13.663230535877068 degrees, from -10.989691607631201 with SPEED 14.652922143508269
COLLECT FORWARD
COLLECT FORWARD
COLLECT FORWARD
COLLECT FORWARD
COLLECT FORWARD
COLLECT FORWARD
COLLECT FORWARD
COLLECT FORWARD
COLLECT FORWARD
COLLECT FORWARD
COLLECT FORWARD
COLLECT FORWARD
